<?xml version="1.0" encoding="UTF-8"?>
<testsuite xmlns:xsi="http://www.w3.org/2001/XMLSchema-instance" xsi:noNamespaceSchemaLocation="https://maven.apache.org/surefire/maven-surefire-plugin/xsd/surefire-test-report.xsd" version="3.0.2" name="com.vedansh.restapis.RestApis.RestApisApplicationTests" time="11.385" tests="1" errors="0" skipped="0" failures="0">
  <properties>
[...]
</properties>
  <testcase name="contextLoads" classname="com.vedansh.restapis.RestApis.RestApisApplicationTests" time="0.951">
    <system-out><![CDATA[00:50:53.954 [main] INFO org.springframework.test.context.support.AnnotationConfigContextLoaderUtils -- Could not detect default configuration classes for test class [com.vedansh.restapis.RestApis.RestApisApplicationTests]: RestApisApplicationTests does not declare any static, non-private, non-final, nested classes annotated with @Configuration.
00:50:54.234 [main] INFO org.springframework.boot.test.context.SpringBootTestContextBootstrapper -- Found @SpringBootConfiguration com.vedansh.restapis.RestApis.RestApisApplication for test class com.vedansh.restapis.RestApis.RestApisApplicationTests

  .   ____          _            __ _ _
 /\\ / ___'_ __ _ _(_)_ __  __ _ \ \ \ \
( ( )\___ | '_ | '_| | '_ \/ _` | \ \ \ \
 \\/  ___)| |_)| | | | | || (_| |  ) ) ) )
  '  |____| .__|_| |_|_| |_\__, | / / / /
 =========|_|==============|___/=/_/_/_/

 :: Spring Boot ::                (v3.5.6)

2025-09-22T00:50:55.449+05:30  INFO 318951 --- [RestApis] [           main] c.v.r.RestApis.RestApisApplicationTests  : Starting RestApisApplicationTests using Java 21.0.8 with PID 318951 (started by vedansh in /home/vedansh/Documents/Spring-Boot-Rest-Apis)
2025-09-22T00:50:55.454+05:30  INFO 318951 --- [RestApis] [           main] c.v.r.RestApis.RestApisApplicationTests  : No active profile set, falling back to 1 default profile: "default"
2025-09-22T00:50:57.010+05:30  INFO 318951 --- [RestApis] [           main] .s.d.r.c.RepositoryConfigurationDelegate : Bootstrapping Spring Data JPA repositories in DEFAULT mode.
2025-09-22T00:50:57.144+05:30  INFO 318951 --- [RestApis] [           main] .s.d.r.c.RepositoryConfigurationDelegate : Finished Spring Data repository scanning in 112 ms. Found 1 JPA repository interface.
2025-09-22T00:50:58.188+05:30  INFO 318951 --- [RestApis] [           main] o.hibernate.jpa.internal.util.LogHelper  : HHH000204: Processing PersistenceUnitInfo [name: default]
2025-09-22T00:50:58.364+05:30  INFO 318951 --- [RestApis] [           main] org.hibernate.Version                    : HHH000412: Hibernate ORM core version 6.6.29.Final
2025-09-22T00:50:58.442+05:30  INFO 318951 --- [RestApis] [           main] o.h.c.internal.RegionFactoryInitiator    : HHH000026: Second-level cache disabled
2025-09-22T00:50:59.193+05:30  INFO 318951 --- [RestApis] [           main] o.s.o.j.p.SpringPersistenceUnitInfo      : No LoadTimeWeaver setup: ignoring JPA class transformer
2025-09-22T00:50:59.249+05:30  INFO 318951 --- [RestApis] [           main] com.zaxxer.hikari.HikariDataSource       : HikariPool-1 - Starting...
2025-09-22T00:51:00.153+05:30  INFO 318951 --- [RestApis] [           main] com.zaxxer.hikari.pool.HikariPool        : HikariPool-1 - Added connection org.postgresql.jdbc.PgConnection@6115846e
2025-09-22T00:51:00.156+05:30  INFO 318951 --- [RestApis] [           main] com.zaxxer.hikari.HikariDataSource       : HikariPool-1 - Start completed.
2025-09-22T00:51:00.379+05:30  INFO 318951 --- [RestApis] [           main] org.hibernate.orm.connections.pooling    : HHH10001005: Database info:
	Database JDBC URL [Connecting through datasource 'HikariDataSource (HikariPool-1)']
	Database driver: undefined/unknown
	Database version: 16.10
	Autocommit mode: undefined/unknown
	Isolation level: undefined/unknown
	Minimum pool size: undefined/unknown
	Maximum pool size: undefined/unknown
2025-09-22T00:51:02.339+05:30  INFO 318951 --- [RestApis] [           main] o.h.e.t.j.p.i.JtaPlatformInitiator       : HHH000489: No JTA platform available (set 'hibernate.transaction.jta.platform' to enable JTA platform integration)
2025-09-22T00:51:02.465+05:30  INFO 318951 --- [RestApis] [           main] j.LocalContainerEntityManagerFactoryBean : Initialized JPA EntityManagerFactory for persistence unit 'default'
2025-09-22T00:51:03.236+05:30  WARN 318951 --- [RestApis] [           main] JpaBaseConfiguration$JpaWebConfiguration : spring.jpa.open-in-view is enabled by default. Therefore, database queries may be performed during view rendering. Explicitly configure spring.jpa.open-in-view to disable this warning
2025-09-22T00:51:03.980+05:30  INFO 318951 --- [RestApis] [           main] c.v.r.RestApis.RestApisApplicationTests  : Started RestApisApplicationTests in 9.332 seconds (process running for 11.553)
]]></system-out>
    <system-err><![CDATA[Mockito is currently self-attaching to enable the inline-mock-maker. This will no longer work in future releases of the JDK. Please add Mockito as an agent to your build as described in Mockito's documentation: https://javadoc.io/doc/org.mockito/mockito-core/latest/org.mockito/org/mockito/Mockito.html#0.3
WARNING: A Java agent has been loaded dynamically (/home/vedansh/.m2/repository/net/bytebuddy/byte-buddy-agent/1.17.7/byte-buddy-agent-1.17.7.jar)
WARNING: If a serviceability tool is in use, please run with -XX:+EnableDynamicAgentLoading to hide this warning
WARNING: If a serviceability tool is not in use, please run with -Djdk.instrument.traceUsage for more information
WARNING: Dynamic loading of agents will be disallowed by default in a future release
]]></system-err>
  </testcase>
</testsuite>